<?xml version="1.0" encoding="UTF-8"?>
<!-- Generated by org.testng.reporters.JUnitReportReporter -->
<testsuite hostname="vkzoomin996" failures="0" tests="1" name="TestCASES.TestCase_2" time="0.001" errors="0" timestamp="2023-08-18T17:34:29 IST" skipped="0">
  <testcase classname="TestCASES.TestCase_2" name="rename" time="0.001"/>
  <system-out/>
</testsuite> <!-- TestCASES.TestCase_2 -->
