<?xml version="1.0" encoding="UTF-8"?>
<!-- Generated by org.testng.reporters.JUnitReportReporter -->
<testsuite hostname="vkzoomin996" failures="0" tests="2" name="TestCASES.TestCase_01" time="0.010" errors="0" timestamp="2023-08-18T17:34:29 IST" skipped="0">
  <testcase classname="TestCASES.TestCase_01" name="rename" time="0.001"/>
  <system-out/>
  <testcase classname="TestCASES.TestCase_01" name="delete" time="0.009"/>
  <system-out/>
</testsuite> <!-- TestCASES.TestCase_01 -->
