<?xml version="1.0" encoding="UTF-8"?>
<!-- Generated by org.testng.reporters.JUnitReportReporter -->
<testsuite hostname="vkzoomin996" failures="0" tests="2" name="TestCASES.TestCase_3" time="0.003" errors="0" timestamp="2023-08-18T17:34:29 IST" skipped="0">
  <testcase classname="TestCASES.TestCase_3" name="rename" time="0.001"/>
  <system-out/>
  <testcase classname="TestCASES.TestCase_3" name="update" time="0.002"/>
  <system-out/>
</testsuite> <!-- TestCASES.TestCase_3 -->
